0 info it worked if it ends with ok
1 verbose cli [ '/usr/bin/nodejs', '/usr/bin/npm', 'start' ]
2 info using npm@3.10.10
3 info using node@v6.10.1
4 verbose run-script [ 'prestart', 'start', 'poststart' ]
5 info lifecycle nexmo-sms-demo@0.0.1~prestart: nexmo-sms-demo@0.0.1
6 silly lifecycle nexmo-sms-demo@0.0.1~prestart: no script for prestart, continuing
7 info lifecycle nexmo-sms-demo@0.0.1~start: nexmo-sms-demo@0.0.1
8 verbose lifecycle nexmo-sms-demo@0.0.1~start: unsafe-perm in lifecycle true
9 verbose lifecycle nexmo-sms-demo@0.0.1~start: PATH: /usr/lib/node_modules/npm/bin/node-gyp-bin:/home/huy/Desktop/send-sms-nodejs-master/node_modules/.bin:/home/huy/bin:/home/huy/.local/bin:/usr/local/sbin:/usr/local/bin:/usr/sbin:/usr/bin:/sbin:/bin:/usr/games:/usr/local/games:/snap/bin:/usr/lib/jvm/java-8-oracle/bin:/usr/lib/jvm/java-8-oracle/db/bin:/usr/lib/jvm/java-8-oracle/jre/bin:/home/huy/.composer/vendor/bin
10 verbose lifecycle nexmo-sms-demo@0.0.1~start: CWD: /home/huy/Desktop/send-sms-nodejs-master
11 silly lifecycle nexmo-sms-demo@0.0.1~start: Args: [ '-c', 'nodemon server/index.js' ]
12 silly lifecycle nexmo-sms-demo@0.0.1~start: Returned: code: 1  signal: null
13 info lifecycle nexmo-sms-demo@0.0.1~start: Failed to exec start script
14 verbose stack Error: nexmo-sms-demo@0.0.1 start: `nodemon server/index.js`
14 verbose stack Exit status 1
14 verbose stack     at EventEmitter.<anonymous> (/usr/lib/node_modules/npm/lib/utils/lifecycle.js:255:16)
14 verbose stack     at emitTwo (events.js:106:13)
14 verbose stack     at EventEmitter.emit (events.js:191:7)
14 verbose stack     at ChildProcess.<anonymous> (/usr/lib/node_modules/npm/lib/utils/spawn.js:40:14)
14 verbose stack     at emitTwo (events.js:106:13)
14 verbose stack     at ChildProcess.emit (events.js:191:7)
14 verbose stack     at maybeClose (internal/child_process.js:886:16)
14 verbose stack     at Process.ChildProcess._handle.onexit (internal/child_process.js:226:5)
15 verbose pkgid nexmo-sms-demo@0.0.1
16 verbose cwd /home/huy/Desktop/send-sms-nodejs-master
17 error Linux 4.4.0-31-generic
18 error argv "/usr/bin/nodejs" "/usr/bin/npm" "start"
19 error node v6.10.1
20 error npm  v3.10.10
21 error code ELIFECYCLE
22 error nexmo-sms-demo@0.0.1 start: `nodemon server/index.js`
22 error Exit status 1
23 error Failed at the nexmo-sms-demo@0.0.1 start script 'nodemon server/index.js'.
23 error Make sure you have the latest version of node.js and npm installed.
23 error If you do, this is most likely a problem with the nexmo-sms-demo package,
23 error not with npm itself.
23 error Tell the author that this fails on your system:
23 error     nodemon server/index.js
23 error You can get information on how to open an issue for this project with:
23 error     npm bugs nexmo-sms-demo
23 error Or if that isn't available, you can get their info via:
23 error     npm owner ls nexmo-sms-demo
23 error There is likely additional logging output above.
24 verbose exit [ 1, true ]
